<?xml version="1.0" encoding="UTF-8"?>
<testsuite xmlns:xsi="http://www.w3.org/2001/XMLSchema-instance" xsi:noNamespaceSchemaLocation="https://maven.apache.org/surefire/maven-surefire-plugin/xsd/surefire-test-report.xsd" name="com.mscprojplac.AppTest" time="0.255" tests="4" errors="0" skipped="0" failures="0">
  <properties>
[...]
</properties>
  <testcase name="testSetValue1" classname="com.mscprojplac.AppTest" time="0.005"/>
  <testcase name="testSetValue2" classname="com.mscprojplac.AppTest" time="0"/>
  <testcase name="testGetValue1" classname="com.mscprojplac.AppTest" time="0.001"/>
  <testcase name="testGetValue2" classname="com.mscprojplac.AppTest" time="0.001"/>
</testsuite>